<?xml version="1.0" encoding="UTF-8"?>
<!-- Generated by org.testng.reporters.JUnitReportReporter -->
<testsuite skipped="0" hostname="Tarun-HP" name="com.tests.Test_Class" tests="1" failures="0" timestamp="10 Aug 2018 09:46:46 GMT" time="36.330" errors="0">
  <testcase name="validateErroMessageOnInvalidLogin" time="36.330" classname="com.tests.Test_Class"/>
</testsuite> <!-- com.tests.Test_Class -->
